[ 2017-04-19T17:37:15+08:00 ] ::1 ::1 GET /admin/index/login
[ log ] local.auth.com/admin/index/login [运行时间：0.102297s][吞吐率：9.78req/s] [内存消耗：3,247.63kb] [文件加载：49]
[ info ] [ ROUTE ] array (
  'type' => 'module',
  'module' => 
  array (
    0 => 'admin',
    1 => 'index',
    2 => 'login',
  ),
)
[ info ] [ HEADER ] array (
  'host' => 'local.auth.com',
  'connection' => 'keep-alive',
  'cache-control' => 'max-age=0',
  'accept' => 'text/html,application/xhtml+xml,application/xml;q=0.9,image/webp,*/*;q=0.8',
  'upgrade-insecure-requests' => '1',
  'user-agent' => 'Mozilla/5.0 (Windows NT 10.0; WOW64) AppleWebKit/537.36 (KHTML, like Gecko) Chrome/45.0.2454.101 Safari/537.36',
  'accept-encoding' => 'gzip, deflate, sdch',
  'accept-language' => 'en-US,en;q=0.8',
)
[ info ] [ PARAM ] array (
)
[ info ] [ RUN ] app\admin\controller\Index->login[ C:\wamp64\www\0\auth\application\admin\controller\Index.php ]
[ info ] [ VIEW ] C:\wamp64\www\0\auth\public/../application/admin\view\admin\login.html [ array (
) ]
[ info ] [ LOG ] INIT File

---------------------------------------------------------------
