[ 2017-04-24T17:40:00+08:00 ] ::1 ::1 GET /admin/products/edit.html
[ log ] local.auth.com/admin/products/edit.html [运行时间：0.124464s][吞吐率：8.03req/s] [内存消耗：4,692.44kb] [文件加载：59]
[ info ] [ ROUTE ] array (
  'type' => 'module',
  'module' => 
  array (
    0 => 'admin',
    1 => 'products',
    2 => 'edit',
  ),
)
[ info ] [ HEADER ] array (
  'host' => 'local.auth.com',
  'connection' => 'keep-alive',
  'pragma' => 'no-cache',
  'cache-control' => 'no-cache',
  'upgrade-insecure-requests' => '1',
  'user-agent' => 'Mozilla/5.0 (Windows NT 10.0; Win64; x64) AppleWebKit/537.36 (KHTML, like Gecko) Chrome/56.0.2924.87 Safari/537.36',
  'accept' => 'text/html,application/xhtml+xml,application/xml;q=0.9,image/webp,*/*;q=0.8',
  'referer' => 'http://local.auth.com/admin/products/index.html',
  'accept-encoding' => 'gzip, deflate, sdch',
  'accept-language' => 'en-US,en;q=0.8,zh;q=0.6,zh-CN;q=0.4',
  'cookie' => 'PHPSESSID=dbmsghtou65i0fvubhulgr9oe6; think_var=en-us',
)
[ info ] [ PARAM ] array (
)
[ info ] [ SESSION ] INIT array (
  'id' => '',
  'var_session_id' => '',
  'prefix' => 'richkem_amdin_',
  'type' => '',
  'auto_start' => true,
)
[ info ] [ RUN ] app\admin\controller\Products->edit[ C:\wamp64\www\0\auth\application\admin\controller\Products.php ]
[ info ] [ DB ] INIT mysql
[ info ] [ VIEW ] C:\wamp64\www\0\auth\public/../application/admin\view\products\edit.html [ array (
  0 => 'loginuser',
  1 => 'info',
) ]
[ info ] [ LOG ] INIT File
[ sql ] [ DB ] CONNECT:[ UseTime:0.001138s ] mysql:dbname=auth;host=127.0.0.1;port=3306;charset=utf8
[ sql ] [ SQL ] SHOW COLUMNS FROM `zxcms_product` [ RunTime:0.001012s ]
[ sql ] [ SQL ] SELECT * FROM `zxcms_product` WHERE  `id` = 0  AND `status` = 1 LIMIT 1 [ RunTime:0.000781s ]

---------------------------------------------------------------
[ 2017-04-24T17:40:20+08:00 ] ::1 ::1 GET /admin/products/edit.html
[ log ] local.auth.com/admin/products/edit.html [运行时间：0.102193s][吞吐率：9.79req/s] [内存消耗：4,407.84kb] [文件加载：57]
[ info ] [ ROUTE ] array (
  'type' => 'module',
  'module' => 
  array (
    0 => 'admin',
    1 => 'products',
    2 => 'edit',
  ),
)
[ info ] [ HEADER ] array (
  'host' => 'local.auth.com',
  'connection' => 'keep-alive',
  'cache-control' => 'max-age=0',
  'upgrade-insecure-requests' => '1',
  'user-agent' => 'Mozilla/5.0 (Windows NT 10.0; Win64; x64) AppleWebKit/537.36 (KHTML, like Gecko) Chrome/56.0.2924.87 Safari/537.36',
  'accept' => 'text/html,application/xhtml+xml,application/xml;q=0.9,image/webp,*/*;q=0.8',
  'referer' => 'http://local.auth.com/admin/products/index.html',
  'accept-encoding' => 'gzip, deflate, sdch',
  'accept-language' => 'en-US,en;q=0.8,zh;q=0.6,zh-CN;q=0.4',
  'cookie' => 'PHPSESSID=dbmsghtou65i0fvubhulgr9oe6; think_var=en-us',
)
[ info ] [ PARAM ] array (
)
[ info ] [ SESSION ] INIT array (
  'id' => '',
  'var_session_id' => '',
  'prefix' => 'richkem_amdin_',
  'type' => '',
  'auto_start' => true,
)
[ info ] [ RUN ] app\admin\controller\Products->edit[ C:\wamp64\www\0\auth\application\admin\controller\Products.php ]
[ info ] [ DB ] INIT mysql
[ info ] [ VIEW ] C:\wamp64\www\0\auth\public/../application/admin\view\products\edit.html [ array (
  0 => 'loginuser',
  1 => 'info',
) ]
[ info ] [ LOG ] INIT File
[ sql ] [ DB ] CONNECT:[ UseTime:0.001359s ] mysql:dbname=auth;host=127.0.0.1;port=3306;charset=utf8
[ sql ] [ SQL ] SHOW COLUMNS FROM `zxcms_product` [ RunTime:0.001331s ]
[ sql ] [ SQL ] SELECT * FROM `zxcms_product` WHERE  `id` = 0  AND `status` = 1 LIMIT 1 [ RunTime:0.000774s ]

---------------------------------------------------------------
[ 2017-04-24T17:40:39+08:00 ] ::1 ::1 GET /admin/products/edit.html
[ log ] local.auth.com/admin/products/edit.html [运行时间：0.108925s][吞吐率：9.18req/s] [内存消耗：4,691.38kb] [文件加载：59]
[ info ] [ ROUTE ] array (
  'type' => 'module',
  'module' => 
  array (
    0 => 'admin',
    1 => 'products',
    2 => 'edit',
  ),
)
[ info ] [ HEADER ] array (
  'host' => 'local.auth.com',
  'connection' => 'keep-alive',
  'cache-control' => 'max-age=0',
  'upgrade-insecure-requests' => '1',
  'user-agent' => 'Mozilla/5.0 (Windows NT 10.0; Win64; x64) AppleWebKit/537.36 (KHTML, like Gecko) Chrome/56.0.2924.87 Safari/537.36',
  'accept' => 'text/html,application/xhtml+xml,application/xml;q=0.9,image/webp,*/*;q=0.8',
  'referer' => 'http://local.auth.com/admin/products/index.html',
  'accept-encoding' => 'gzip, deflate, sdch',
  'accept-language' => 'en-US,en;q=0.8,zh;q=0.6,zh-CN;q=0.4',
  'cookie' => 'PHPSESSID=dbmsghtou65i0fvubhulgr9oe6; think_var=en-us',
)
[ info ] [ PARAM ] array (
)
[ info ] [ SESSION ] INIT array (
  'id' => '',
  'var_session_id' => '',
  'prefix' => 'richkem_amdin_',
  'type' => '',
  'auto_start' => true,
)
[ info ] [ RUN ] app\admin\controller\Products->edit[ C:\wamp64\www\0\auth\application\admin\controller\Products.php ]
[ info ] [ DB ] INIT mysql
[ info ] [ VIEW ] C:\wamp64\www\0\auth\public/../application/admin\view\products\edit.html [ array (
  0 => 'loginuser',
  1 => 'info',
) ]
[ info ] [ LOG ] INIT File
[ sql ] [ DB ] CONNECT:[ UseTime:0.001018s ] mysql:dbname=auth;host=127.0.0.1;port=3306;charset=utf8
[ sql ] [ SQL ] SHOW COLUMNS FROM `zxcms_product` [ RunTime:0.000994s ]
[ sql ] [ SQL ] SELECT * FROM `zxcms_product` WHERE  `id` = 0  AND `status` = 1 LIMIT 1 [ RunTime:0.001564s ]

---------------------------------------------------------------
[ 2017-04-24T17:53:41+08:00 ] ::1 ::1 GET /admin/products/edit.html
[ log ] local.auth.com/admin/products/edit.html [运行时间：0.131882s][吞吐率：7.58req/s] [内存消耗：4,704.17kb] [文件加载：59]
[ info ] [ ROUTE ] array (
  'type' => 'module',
  'module' => 
  array (
    0 => 'admin',
    1 => 'products',
    2 => 'edit',
  ),
)
[ info ] [ HEADER ] array (
  'host' => 'local.auth.com',
  'connection' => 'keep-alive',
  'cache-control' => 'max-age=0',
  'upgrade-insecure-requests' => '1',
  'user-agent' => 'Mozilla/5.0 (Windows NT 10.0; Win64; x64) AppleWebKit/537.36 (KHTML, like Gecko) Chrome/56.0.2924.87 Safari/537.36',
  'accept' => 'text/html,application/xhtml+xml,application/xml;q=0.9,image/webp,*/*;q=0.8',
  'referer' => 'http://local.auth.com/admin/products/index.html',
  'accept-encoding' => 'gzip, deflate, sdch',
  'accept-language' => 'en-US,en;q=0.8,zh;q=0.6,zh-CN;q=0.4',
  'cookie' => 'PHPSESSID=dbmsghtou65i0fvubhulgr9oe6; think_var=en-us',
)
[ info ] [ PARAM ] array (
)
[ info ] [ SESSION ] INIT array (
  'id' => '',
  'var_session_id' => '',
  'prefix' => 'richkem_amdin_',
  'type' => '',
  'auto_start' => true,
)
[ info ] [ RUN ] app\admin\controller\Products->edit[ C:\wamp64\www\0\auth\application\admin\controller\Products.php ]
[ info ] [ DB ] INIT mysql
[ info ] [ VIEW ] C:\wamp64\www\0\auth\public/../application/admin\view\products\edit.html [ array (
  0 => 'loginuser',
  1 => 'info',
) ]
[ info ] [ LOG ] INIT File
[ sql ] [ DB ] CONNECT:[ UseTime:0.001382s ] mysql:dbname=auth;host=127.0.0.1;port=3306;charset=utf8
[ sql ] [ SQL ] SHOW COLUMNS FROM `zxcms_product` [ RunTime:0.001173s ]
[ sql ] [ SQL ] SELECT * FROM `zxcms_product` WHERE  `id` = 0  AND `status` = 1 LIMIT 1 [ RunTime:0.000894s ]

---------------------------------------------------------------
[ 2017-04-24T17:53:50+08:00 ] ::1 ::1 GET /admin/products/index.html
[ log ] local.auth.com/admin/products/index.html [运行时间：0.119906s][吞吐率：8.34req/s] [内存消耗：4,927.63kb] [文件加载：62]
[ info ] [ ROUTE ] array (
  'type' => 'module',
  'module' => 
  array (
    0 => 'admin',
    1 => 'products',
    2 => 'index',
  ),
)
[ info ] [ HEADER ] array (
  'host' => 'local.auth.com',
  'connection' => 'keep-alive',
  'upgrade-insecure-requests' => '1',
  'user-agent' => 'Mozilla/5.0 (Windows NT 10.0; Win64; x64) AppleWebKit/537.36 (KHTML, like Gecko) Chrome/56.0.2924.87 Safari/537.36',
  'accept' => 'text/html,application/xhtml+xml,application/xml;q=0.9,image/webp,*/*;q=0.8',
  'referer' => 'http://local.auth.com/admin/products/edit.html',
  'accept-encoding' => 'gzip, deflate, sdch',
  'accept-language' => 'en-US,en;q=0.8,zh;q=0.6,zh-CN;q=0.4',
  'cookie' => 'PHPSESSID=dbmsghtou65i0fvubhulgr9oe6; think_var=en-us',
)
[ info ] [ PARAM ] array (
)
[ info ] [ SESSION ] INIT array (
  'id' => '',
  'var_session_id' => '',
  'prefix' => 'richkem_amdin_',
  'type' => '',
  'auto_start' => true,
)
[ info ] [ RUN ] app\admin\controller\Products->index[ C:\wamp64\www\0\auth\application\admin\controller\Products.php ]
[ info ] [ DB ] INIT mysql
[ info ] [ VIEW ] C:\wamp64\www\0\auth\public/../application/admin\view\products\index.html [ array (
  0 => 'loginuser',
  1 => 'lists',
) ]
[ info ] [ DB ] INIT mysql
[ info ] [ LOG ] INIT File
[ sql ] [ DB ] CONNECT:[ UseTime:0.001045s ] mysql:dbname=auth;host=127.0.0.1;port=3306;charset=utf8
[ sql ] [ SQL ] SHOW COLUMNS FROM `zxcms_product` [ RunTime:0.002169s ]
[ sql ] [ SQL ] SELECT COUNT(*) AS tp_count FROM `zxcms_product` WHERE  `status` = 1 LIMIT 1 [ RunTime:0.000685s ]
[ sql ] [ SQL ] SELECT * FROM `zxcms_product` WHERE  `status` = 1 ORDER BY istop desc,top_sort asc,create_time asc LIMIT 0,10 [ RunTime:0.000926s ]
[ sql ] [ DB ] CONNECT:[ UseTime:0.001030s ] mysql:dbname=auth;host=127.0.0.1;port=3306;charset=utf8
[ sql ] [ SQL ] SHOW COLUMNS FROM `zxcms_product_category` [ RunTime:0.001194s ]
[ sql ] [ SQL ] SELECT `cn_title` FROM `zxcms_product_category` WHERE  `id` = 3 LIMIT 1 [ RunTime:0.000643s ]

---------------------------------------------------------------
[ 2017-04-24T17:53:53+08:00 ] ::1 ::1 GET /admin/products/edit/id/1.html
[ log ] local.auth.com/admin/products/edit/id/1.html [运行时间：0.128071s][吞吐率：7.81req/s] [内存消耗：4,510.70kb] [文件加载：61]
[ info ] [ ROUTE ] array (
  'type' => 'module',
  'module' => 
  array (
    0 => 'admin',
    1 => 'products',
    2 => 'edit',
  ),
)
[ info ] [ HEADER ] array (
  'host' => 'local.auth.com',
  'connection' => 'keep-alive',
  'upgrade-insecure-requests' => '1',
  'user-agent' => 'Mozilla/5.0 (Windows NT 10.0; Win64; x64) AppleWebKit/537.36 (KHTML, like Gecko) Chrome/56.0.2924.87 Safari/537.36',
  'accept' => 'text/html,application/xhtml+xml,application/xml;q=0.9,image/webp,*/*;q=0.8',
  'referer' => 'http://local.auth.com/admin/products/index.html',
  'accept-encoding' => 'gzip, deflate, sdch',
  'accept-language' => 'en-US,en;q=0.8,zh;q=0.6,zh-CN;q=0.4',
  'cookie' => 'PHPSESSID=dbmsghtou65i0fvubhulgr9oe6; think_var=en-us',
)
[ info ] [ PARAM ] array (
  'id' => '1',
)
[ info ] [ SESSION ] INIT array (
  'id' => '',
  'var_session_id' => '',
  'prefix' => 'richkem_amdin_',
  'type' => '',
  'auto_start' => true,
)
[ info ] [ RUN ] app\admin\controller\Products->edit[ C:\wamp64\www\0\auth\application\admin\controller\Products.php ]
[ info ] [ DB ] INIT mysql
[ info ] [ VIEW ] C:\wamp64\www\0\auth\public/../application/admin\view\products\edit.html [ array (
  0 => 'loginuser',
  1 => 'info',
) ]
[ info ] [ LOG ] INIT File
[ sql ] [ DB ] CONNECT:[ UseTime:0.011585s ] mysql:dbname=auth;host=127.0.0.1;port=3306;charset=utf8
[ sql ] [ SQL ] SHOW COLUMNS FROM `zxcms_product` [ RunTime:0.003218s ]
[ sql ] [ SQL ] SELECT * FROM `zxcms_product` WHERE  `id` = 1  AND `status` = 1 LIMIT 1 [ RunTime:0.000905s ]
[ error ] [8]Undefined index: en_content[C:\wamp64\www\0\auth\runtime\temp\587e53f37119eefb2d0d3b9683992b4b.php:203]

---------------------------------------------------------------
[ 2017-04-24T17:54:54+08:00 ] ::1 ::1 GET /admin/products/edit/id/1.html
[ log ] local.auth.com/admin/products/edit/id/1.html [运行时间：0.114111s][吞吐率：8.76req/s] [内存消耗：4,710.73kb] [文件加载：59]
[ info ] [ ROUTE ] array (
  'type' => 'module',
  'module' => 
  array (
    0 => 'admin',
    1 => 'products',
    2 => 'edit',
  ),
)
[ info ] [ HEADER ] array (
  'host' => 'local.auth.com',
  'connection' => 'keep-alive',
  'cache-control' => 'max-age=0',
  'upgrade-insecure-requests' => '1',
  'user-agent' => 'Mozilla/5.0 (Windows NT 10.0; Win64; x64) AppleWebKit/537.36 (KHTML, like Gecko) Chrome/56.0.2924.87 Safari/537.36',
  'accept' => 'text/html,application/xhtml+xml,application/xml;q=0.9,image/webp,*/*;q=0.8',
  'referer' => 'http://local.auth.com/admin/products/index.html',
  'accept-encoding' => 'gzip, deflate, sdch',
  'accept-language' => 'en-US,en;q=0.8,zh;q=0.6,zh-CN;q=0.4',
  'cookie' => 'PHPSESSID=dbmsghtou65i0fvubhulgr9oe6; think_var=en-us',
)
[ info ] [ PARAM ] array (
  'id' => '1',
)
[ info ] [ SESSION ] INIT array (
  'id' => '',
  'var_session_id' => '',
  'prefix' => 'richkem_amdin_',
  'type' => '',
  'auto_start' => true,
)
[ info ] [ RUN ] app\admin\controller\Products->edit[ C:\wamp64\www\0\auth\application\admin\controller\Products.php ]
[ info ] [ DB ] INIT mysql
[ info ] [ VIEW ] C:\wamp64\www\0\auth\public/../application/admin\view\products\edit.html [ array (
  0 => 'loginuser',
  1 => 'info',
) ]
[ info ] [ LOG ] INIT File
[ sql ] [ DB ] CONNECT:[ UseTime:0.001009s ] mysql:dbname=auth;host=127.0.0.1;port=3306;charset=utf8
[ sql ] [ SQL ] SHOW COLUMNS FROM `zxcms_product` [ RunTime:0.000952s ]
[ sql ] [ SQL ] SELECT * FROM `zxcms_product` WHERE  `id` = 1  AND `status` = 1 LIMIT 1 [ RunTime:0.000977s ]

---------------------------------------------------------------
[ 2017-04-24T17:55:16+08:00 ] ::1 ::1 GET /admin/products/edit/id/1.html
[ log ] local.auth.com/admin/products/edit/id/1.html [运行时间：0.111680s][吞吐率：8.95req/s] [内存消耗：4,711.84kb] [文件加载：59]
[ info ] [ ROUTE ] array (
  'type' => 'module',
  'module' => 
  array (
    0 => 'admin',
    1 => 'products',
    2 => 'edit',
  ),
)
[ info ] [ HEADER ] array (
  'host' => 'local.auth.com',
  'connection' => 'keep-alive',
  'cache-control' => 'max-age=0',
  'upgrade-insecure-requests' => '1',
  'user-agent' => 'Mozilla/5.0 (Windows NT 10.0; Win64; x64) AppleWebKit/537.36 (KHTML, like Gecko) Chrome/56.0.2924.87 Safari/537.36',
  'accept' => 'text/html,application/xhtml+xml,application/xml;q=0.9,image/webp,*/*;q=0.8',
  'referer' => 'http://local.auth.com/admin/products/index.html',
  'accept-encoding' => 'gzip, deflate, sdch',
  'accept-language' => 'en-US,en;q=0.8,zh;q=0.6,zh-CN;q=0.4',
  'cookie' => 'PHPSESSID=dbmsghtou65i0fvubhulgr9oe6; think_var=en-us',
)
[ info ] [ PARAM ] array (
  'id' => '1',
)
[ info ] [ SESSION ] INIT array (
  'id' => '',
  'var_session_id' => '',
  'prefix' => 'richkem_amdin_',
  'type' => '',
  'auto_start' => true,
)
[ info ] [ RUN ] app\admin\controller\Products->edit[ C:\wamp64\www\0\auth\application\admin\controller\Products.php ]
[ info ] [ DB ] INIT mysql
[ info ] [ VIEW ] C:\wamp64\www\0\auth\public/../application/admin\view\products\edit.html [ array (
  0 => 'loginuser',
  1 => 'info',
) ]
[ info ] [ LOG ] INIT File
[ sql ] [ DB ] CONNECT:[ UseTime:0.001060s ] mysql:dbname=auth;host=127.0.0.1;port=3306;charset=utf8
[ sql ] [ SQL ] SHOW COLUMNS FROM `zxcms_product` [ RunTime:0.001844s ]
[ sql ] [ SQL ] SELECT * FROM `zxcms_product` WHERE  `id` = 1  AND `status` = 1 LIMIT 1 [ RunTime:0.001286s ]

---------------------------------------------------------------
[ 2017-04-24T17:55:41+08:00 ] ::1 ::1 POST /admin/products/update.html
[ log ] local.auth.com/admin/products/update.html [运行时间：0.065631s][吞吐率：15.24req/s] [内存消耗：3,068.88kb] [文件加载：50]
[ info ] [ ROUTE ] array (
  'type' => 'module',
  'module' => 
  array (
    0 => 'admin',
    1 => 'products',
    2 => 'update',
  ),
)
[ info ] [ HEADER ] array (
  'host' => 'local.auth.com',
  'connection' => 'keep-alive',
  'content-length' => '1121',
  'cache-control' => 'max-age=0',
  'origin' => 'http://local.auth.com',
  'upgrade-insecure-requests' => '1',
  'user-agent' => 'Mozilla/5.0 (Windows NT 10.0; Win64; x64) AppleWebKit/537.36 (KHTML, like Gecko) Chrome/56.0.2924.87 Safari/537.36',
  'content-type' => 'multipart/form-data; boundary=----WebKitFormBoundaryA0WyQBDJHYFSlbQ1',
  'accept' => 'text/html,application/xhtml+xml,application/xml;q=0.9,image/webp,*/*;q=0.8',
  'referer' => 'http://local.auth.com/admin/products/edit/id/1.html',
  'accept-encoding' => 'gzip, deflate',
  'accept-language' => 'en-US,en;q=0.8,zh;q=0.6,zh-CN;q=0.4',
  'cookie' => 'PHPSESSID=dbmsghtou65i0fvubhulgr9oe6; think_var=en-us',
)
[ info ] [ PARAM ] array (
  'id' => '1',
  'cn_title' => '中文名称',
  'en_title' => '中文名称',
  'casno' => '中文名称',
  'cn_desc' => '中文名称',
  'en_desc' => '中文名称',
  'cn_spec' => '兼职：12341241234
知道：31234124234
百度：1234124123424',
  'en_spec' => '中文名称',
  'istop' => '2',
  'top_sort' => '999',
)
[ info ] [ SESSION ] INIT array (
  'id' => '',
  'var_session_id' => '',
  'prefix' => 'richkem_amdin_',
  'type' => '',
  'auto_start' => true,
)
[ info ] [ LOG ] INIT File

---------------------------------------------------------------
[ 2017-04-24T17:56:21+08:00 ] ::1 ::1 POST /admin/products/update.html
[ log ] local.auth.com/admin/products/update.html [运行时间：0.057724s][吞吐率：17.32req/s] [内存消耗：3,045.50kb] [文件加载：48]
[ info ] [ ROUTE ] array (
  'type' => 'module',
  'module' => 
  array (
    0 => 'admin',
    1 => 'products',
    2 => 'update',
  ),
)
[ info ] [ HEADER ] array (
  'host' => 'local.auth.com',
  'connection' => 'keep-alive',
  'content-length' => '1121',
  'cache-control' => 'max-age=0',
  'origin' => 'http://local.auth.com',
  'upgrade-insecure-requests' => '1',
  'user-agent' => 'Mozilla/5.0 (Windows NT 10.0; Win64; x64) AppleWebKit/537.36 (KHTML, like Gecko) Chrome/56.0.2924.87 Safari/537.36',
  'content-type' => 'multipart/form-data; boundary=----WebKitFormBoundaryA0WyQBDJHYFSlbQ1',
  'accept' => 'text/html,application/xhtml+xml,application/xml;q=0.9,image/webp,*/*;q=0.8',
  'referer' => 'http://local.auth.com/admin/products/edit/id/1.html',
  'accept-encoding' => 'gzip, deflate',
  'accept-language' => 'en-US,en;q=0.8,zh;q=0.6,zh-CN;q=0.4',
  'cookie' => 'PHPSESSID=dbmsghtou65i0fvubhulgr9oe6; think_var=en-us',
)
[ info ] [ PARAM ] array (
  'id' => '1',
  'cn_title' => '中文名称',
  'en_title' => '中文名称',
  'casno' => '中文名称',
  'cn_desc' => '中文名称',
  'en_desc' => '中文名称',
  'cn_spec' => '兼职：12341241234
知道：31234124234
百度：1234124123424',
  'en_spec' => '中文名称',
  'istop' => '2',
  'top_sort' => '999',
)
[ info ] [ SESSION ] INIT array (
  'id' => '',
  'var_session_id' => '',
  'prefix' => 'richkem_amdin_',
  'type' => '',
  'auto_start' => true,
)
[ info ] [ RUN ] app\admin\controller\Products->update[ C:\wamp64\www\0\auth\application\admin\controller\Products.php ]
[ info ] [ LOG ] INIT File

---------------------------------------------------------------
[ 2017-04-24T17:56:55+08:00 ] ::1 ::1 GET /admin/products/edit/id/1.html
[ log ] local.auth.com/admin/products/edit/id/1.html [运行时间：0.121356s][吞吐率：8.24req/s] [内存消耗：4,713.38kb] [文件加载：59]
[ info ] [ ROUTE ] array (
  'type' => 'module',
  'module' => 
  array (
    0 => 'admin',
    1 => 'products',
    2 => 'edit',
  ),
)
[ info ] [ HEADER ] array (
  'host' => 'local.auth.com',
  'connection' => 'keep-alive',
  'upgrade-insecure-requests' => '1',
  'user-agent' => 'Mozilla/5.0 (Windows NT 10.0; Win64; x64) AppleWebKit/537.36 (KHTML, like Gecko) Chrome/56.0.2924.87 Safari/537.36',
  'accept' => 'text/html,application/xhtml+xml,application/xml;q=0.9,image/webp,*/*;q=0.8',
  'referer' => 'http://local.auth.com/admin/products/index.html',
  'accept-encoding' => 'gzip, deflate, sdch',
  'accept-language' => 'en-US,en;q=0.8,zh;q=0.6,zh-CN;q=0.4',
  'cookie' => 'PHPSESSID=dbmsghtou65i0fvubhulgr9oe6; think_var=en-us',
)
[ info ] [ PARAM ] array (
  'id' => '1',
)
[ info ] [ SESSION ] INIT array (
  'id' => '',
  'var_session_id' => '',
  'prefix' => 'richkem_amdin_',
  'type' => '',
  'auto_start' => true,
)
[ info ] [ RUN ] app\admin\controller\Products->edit[ C:\wamp64\www\0\auth\application\admin\controller\Products.php ]
[ info ] [ DB ] INIT mysql
[ info ] [ VIEW ] C:\wamp64\www\0\auth\public/../application/admin\view\products\edit.html [ array (
  0 => 'loginuser',
  1 => 'info',
) ]
[ info ] [ LOG ] INIT File
[ sql ] [ DB ] CONNECT:[ UseTime:0.010793s ] mysql:dbname=auth;host=127.0.0.1;port=3306;charset=utf8
[ sql ] [ SQL ] SHOW COLUMNS FROM `zxcms_product` [ RunTime:0.001855s ]
[ sql ] [ SQL ] SELECT * FROM `zxcms_product` WHERE  `id` = 1  AND `status` = 1 LIMIT 1 [ RunTime:0.000832s ]

---------------------------------------------------------------
[ 2017-04-24T17:56:56+08:00 ] ::1 ::1 GET /admin/products/edit/id/1.html
[ log ] local.auth.com/admin/products/edit/id/1.html [运行时间：0.102066s][吞吐率：9.80req/s] [内存消耗：4,417.39kb] [文件加载：57]
[ info ] [ ROUTE ] array (
  'type' => 'module',
  'module' => 
  array (
    0 => 'admin',
    1 => 'products',
    2 => 'edit',
  ),
)
[ info ] [ HEADER ] array (
  'host' => 'local.auth.com',
  'connection' => 'keep-alive',
  'cache-control' => 'max-age=0',
  'upgrade-insecure-requests' => '1',
  'user-agent' => 'Mozilla/5.0 (Windows NT 10.0; Win64; x64) AppleWebKit/537.36 (KHTML, like Gecko) Chrome/56.0.2924.87 Safari/537.36',
  'accept' => 'text/html,application/xhtml+xml,application/xml;q=0.9,image/webp,*/*;q=0.8',
  'referer' => 'http://local.auth.com/admin/products/index.html',
  'accept-encoding' => 'gzip, deflate, sdch',
  'accept-language' => 'en-US,en;q=0.8,zh;q=0.6,zh-CN;q=0.4',
  'cookie' => 'PHPSESSID=dbmsghtou65i0fvubhulgr9oe6; think_var=en-us',
)
[ info ] [ PARAM ] array (
  'id' => '1',
)
[ info ] [ SESSION ] INIT array (
  'id' => '',
  'var_session_id' => '',
  'prefix' => 'richkem_amdin_',
  'type' => '',
  'auto_start' => true,
)
[ info ] [ RUN ] app\admin\controller\Products->edit[ C:\wamp64\www\0\auth\application\admin\controller\Products.php ]
[ info ] [ DB ] INIT mysql
[ info ] [ VIEW ] C:\wamp64\www\0\auth\public/../application/admin\view\products\edit.html [ array (
  0 => 'loginuser',
  1 => 'info',
) ]
[ info ] [ LOG ] INIT File
[ sql ] [ DB ] CONNECT:[ UseTime:0.000992s ] mysql:dbname=auth;host=127.0.0.1;port=3306;charset=utf8
[ sql ] [ SQL ] SHOW COLUMNS FROM `zxcms_product` [ RunTime:0.001734s ]
[ sql ] [ SQL ] SELECT * FROM `zxcms_product` WHERE  `id` = 1  AND `status` = 1 LIMIT 1 [ RunTime:0.001326s ]

---------------------------------------------------------------
[ 2017-04-24T17:56:58+08:00 ] ::1 ::1 POST /admin/products/update.html
[ log ] local.auth.com/admin/products/update.html [运行时间：0.056985s][吞吐率：17.55req/s] [内存消耗：3,045.70kb] [文件加载：48]
[ info ] [ ROUTE ] array (
  'type' => 'module',
  'module' => 
  array (
    0 => 'admin',
    1 => 'products',
    2 => 'update',
  ),
)
[ info ] [ HEADER ] array (
  'host' => 'local.auth.com',
  'connection' => 'keep-alive',
  'content-length' => '1341',
  'cache-control' => 'max-age=0',
  'origin' => 'http://local.auth.com',
  'upgrade-insecure-requests' => '1',
  'user-agent' => 'Mozilla/5.0 (Windows NT 10.0; Win64; x64) AppleWebKit/537.36 (KHTML, like Gecko) Chrome/56.0.2924.87 Safari/537.36',
  'content-type' => 'multipart/form-data; boundary=----WebKitFormBoundary5GLsbfX8FsdbQcWI',
  'accept' => 'text/html,application/xhtml+xml,application/xml;q=0.9,image/webp,*/*;q=0.8',
  'referer' => 'http://local.auth.com/admin/products/edit/id/1.html',
  'accept-encoding' => 'gzip, deflate',
  'accept-language' => 'en-US,en;q=0.8,zh;q=0.6,zh-CN;q=0.4',
  'cookie' => 'PHPSESSID=dbmsghtou65i0fvubhulgr9oe6; think_var=en-us',
)
[ info ] [ PARAM ] array (
  'id' => '1',
  'product_pic' => '/static/home/img/product3.jpg',
  'cn_title' => '中文名称',
  'en_title' => '中文名称',
  'casno' => '中文名称',
  'sf_pic' => '',
  'cn_desc' => '中文名称',
  'en_desc' => '中文名称',
  'cn_spec' => '兼职：12341241234
知道：31234124234
百度：1234124123424',
  'en_spec' => '中文名称',
  'istop' => '1',
  'top_sort' => '999',
)
[ info ] [ SESSION ] INIT array (
  'id' => '',
  'var_session_id' => '',
  'prefix' => 'richkem_amdin_',
  'type' => '',
  'auto_start' => true,
)
[ info ] [ RUN ] app\admin\controller\Products->update[ C:\wamp64\www\0\auth\application\admin\controller\Products.php ]
[ info ] [ LOG ] INIT File

---------------------------------------------------------------
[ 2017-04-24T17:57:30+08:00 ] ::1 ::1 POST /admin/products/update.html
[ log ] local.auth.com/admin/products/update.html [运行时间：0.055953s][吞吐率：17.87req/s] [内存消耗：3,045.70kb] [文件加载：48]
[ info ] [ ROUTE ] array (
  'type' => 'module',
  'module' => 
  array (
    0 => 'admin',
    1 => 'products',
    2 => 'update',
  ),
)
[ info ] [ HEADER ] array (
  'host' => 'local.auth.com',
  'connection' => 'keep-alive',
  'content-length' => '1341',
  'cache-control' => 'max-age=0',
  'origin' => 'http://local.auth.com',
  'upgrade-insecure-requests' => '1',
  'user-agent' => 'Mozilla/5.0 (Windows NT 10.0; Win64; x64) AppleWebKit/537.36 (KHTML, like Gecko) Chrome/56.0.2924.87 Safari/537.36',
  'content-type' => 'multipart/form-data; boundary=----WebKitFormBoundary5GLsbfX8FsdbQcWI',
  'accept' => 'text/html,application/xhtml+xml,application/xml;q=0.9,image/webp,*/*;q=0.8',
  'referer' => 'http://local.auth.com/admin/products/edit/id/1.html',
  'accept-encoding' => 'gzip, deflate',
  'accept-language' => 'en-US,en;q=0.8,zh;q=0.6,zh-CN;q=0.4',
  'cookie' => 'PHPSESSID=dbmsghtou65i0fvubhulgr9oe6; think_var=en-us',
)
[ info ] [ PARAM ] array (
  'id' => '1',
  'product_pic' => '/static/home/img/product3.jpg',
  'cn_title' => '中文名称',
  'en_title' => '中文名称',
  'casno' => '中文名称',
  'sf_pic' => '',
  'cn_desc' => '中文名称',
  'en_desc' => '中文名称',
  'cn_spec' => '兼职：12341241234
知道：31234124234
百度：1234124123424',
  'en_spec' => '中文名称',
  'istop' => '1',
  'top_sort' => '999',
)
[ info ] [ SESSION ] INIT array (
  'id' => '',
  'var_session_id' => '',
  'prefix' => 'richkem_amdin_',
  'type' => '',
  'auto_start' => true,
)
[ info ] [ RUN ] app\admin\controller\Products->update[ C:\wamp64\www\0\auth\application\admin\controller\Products.php ]
[ info ] [ LOG ] INIT File

---------------------------------------------------------------
[ 2017-04-24T18:01:16+08:00 ] ::1 ::1 GET /admin/products/edit/id/1.html
[ log ] local.auth.com/admin/products/edit/id/1.html [运行时间：0.126025s][吞吐率：7.93req/s] [内存消耗：4,779.15kb] [文件加载：59]
[ info ] [ ROUTE ] array (
  'type' => 'module',
  'module' => 
  array (
    0 => 'admin',
    1 => 'products',
    2 => 'edit',
  ),
)
[ info ] [ HEADER ] array (
  'host' => 'local.auth.com',
  'connection' => 'keep-alive',
  'upgrade-insecure-requests' => '1',
  'user-agent' => 'Mozilla/5.0 (Windows NT 10.0; Win64; x64) AppleWebKit/537.36 (KHTML, like Gecko) Chrome/56.0.2924.87 Safari/537.36',
  'accept' => 'text/html,application/xhtml+xml,application/xml;q=0.9,image/webp,*/*;q=0.8',
  'referer' => 'http://local.auth.com/admin/products/index.html',
  'accept-encoding' => 'gzip, deflate, sdch',
  'accept-language' => 'en-US,en;q=0.8,zh;q=0.6,zh-CN;q=0.4',
  'cookie' => 'PHPSESSID=dbmsghtou65i0fvubhulgr9oe6; think_var=en-us',
)
[ info ] [ PARAM ] array (
  'id' => '1',
)
[ info ] [ SESSION ] INIT array (
  'id' => '',
  'var_session_id' => '',
  'prefix' => 'richkem_amdin_',
  'type' => '',
  'auto_start' => true,
)
[ info ] [ RUN ] app\admin\controller\Products->edit[ C:\wamp64\www\0\auth\application\admin\controller\Products.php ]
[ info ] [ DB ] INIT mysql
[ info ] [ DB ] INIT mysql
[ info ] [ VIEW ] C:\wamp64\www\0\auth\public/../application/admin\view\products\edit.html [ array (
  0 => 'loginuser',
  1 => 'info',
  2 => 'cate_list',
) ]
[ info ] [ LOG ] INIT File
[ sql ] [ DB ] CONNECT:[ UseTime:0.001094s ] mysql:dbname=auth;host=127.0.0.1;port=3306;charset=utf8
[ sql ] [ SQL ] SHOW COLUMNS FROM `zxcms_product` [ RunTime:0.002457s ]
[ sql ] [ SQL ] SELECT * FROM `zxcms_product` WHERE  `id` = 1  AND `status` = 1 LIMIT 1 [ RunTime:0.000969s ]
[ sql ] [ DB ] CONNECT:[ UseTime:0.001363s ] mysql:dbname=auth;host=127.0.0.1;port=3306;charset=utf8
[ sql ] [ SQL ] SHOW COLUMNS FROM `zxcms_product_category` [ RunTime:0.001159s ]
[ sql ] [ SQL ] SELECT * FROM `zxcms_product_category` WHERE  `status` = 1 ORDER BY `sort` [ RunTime:0.000777s ]

---------------------------------------------------------------
[ 2017-04-24T18:02:42+08:00 ] ::1 ::1 GET /admin/products/edit/id/1.html
[ log ] local.auth.com/admin/products/edit/id/1.html [运行时间：0.105368s][吞吐率：9.49req/s] [内存消耗：4,497.41kb] [文件加载：57]
[ info ] [ ROUTE ] array (
  'type' => 'module',
  'module' => 
  array (
    0 => 'admin',
    1 => 'products',
    2 => 'edit',
  ),
)
[ info ] [ HEADER ] array (
  'host' => 'local.auth.com',
  'connection' => 'keep-alive',
  'cache-control' => 'max-age=0',
  'upgrade-insecure-requests' => '1',
  'user-agent' => 'Mozilla/5.0 (Windows NT 10.0; Win64; x64) AppleWebKit/537.36 (KHTML, like Gecko) Chrome/56.0.2924.87 Safari/537.36',
  'accept' => 'text/html,application/xhtml+xml,application/xml;q=0.9,image/webp,*/*;q=0.8',
  'referer' => 'http://local.auth.com/admin/products/index.html',
  'accept-encoding' => 'gzip, deflate, sdch',
  'accept-language' => 'en-US,en;q=0.8,zh;q=0.6,zh-CN;q=0.4',
  'cookie' => 'PHPSESSID=dbmsghtou65i0fvubhulgr9oe6; think_var=en-us',
)
[ info ] [ PARAM ] array (
  'id' => '1',
)
[ info ] [ SESSION ] INIT array (
  'id' => '',
  'var_session_id' => '',
  'prefix' => 'richkem_amdin_',
  'type' => '',
  'auto_start' => true,
)
[ info ] [ RUN ] app\admin\controller\Products->edit[ C:\wamp64\www\0\auth\application\admin\controller\Products.php ]
[ info ] [ DB ] INIT mysql
[ info ] [ DB ] INIT mysql
[ info ] [ VIEW ] C:\wamp64\www\0\auth\public/../application/admin\view\products\edit.html [ array (
  0 => 'loginuser',
  1 => 'info',
  2 => 'cate_list',
) ]
[ info ] [ LOG ] INIT File
[ sql ] [ DB ] CONNECT:[ UseTime:0.000990s ] mysql:dbname=auth;host=127.0.0.1;port=3306;charset=utf8
[ sql ] [ SQL ] SHOW COLUMNS FROM `zxcms_product` [ RunTime:0.001714s ]
[ sql ] [ SQL ] SELECT * FROM `zxcms_product` WHERE  `id` = 1  AND `status` = 1 LIMIT 1 [ RunTime:0.000925s ]
[ sql ] [ DB ] CONNECT:[ UseTime:0.000882s ] mysql:dbname=auth;host=127.0.0.1;port=3306;charset=utf8
[ sql ] [ SQL ] SHOW COLUMNS FROM `zxcms_product_category` [ RunTime:0.000874s ]
[ sql ] [ SQL ] SELECT * FROM `zxcms_product_category` WHERE  `status` = 1 ORDER BY `sort` [ RunTime:0.000753s ]

---------------------------------------------------------------
[ 2017-04-24T18:03:18+08:00 ] ::1 ::1 GET /admin/products/edit/id/1.html
[ log ] local.auth.com/admin/products/edit/id/1.html [运行时间：0.117116s][吞吐率：8.54req/s] [内存消耗：4,477.60kb] [文件加载：57]
[ info ] [ ROUTE ] array (
  'type' => 'module',
  'module' => 
  array (
    0 => 'admin',
    1 => 'products',
    2 => 'edit',
  ),
)
[ info ] [ HEADER ] array (
  'host' => 'local.auth.com',
  'connection' => 'keep-alive',
  'cache-control' => 'max-age=0',
  'upgrade-insecure-requests' => '1',
  'user-agent' => 'Mozilla/5.0 (Windows NT 10.0; Win64; x64) AppleWebKit/537.36 (KHTML, like Gecko) Chrome/56.0.2924.87 Safari/537.36',
  'accept' => 'text/html,application/xhtml+xml,application/xml;q=0.9,image/webp,*/*;q=0.8',
  'referer' => 'http://local.auth.com/admin/products/index.html',
  'accept-encoding' => 'gzip, deflate, sdch',
  'accept-language' => 'en-US,en;q=0.8,zh;q=0.6,zh-CN;q=0.4',
  'cookie' => 'PHPSESSID=dbmsghtou65i0fvubhulgr9oe6; think_var=en-us',
)
[ info ] [ PARAM ] array (
  'id' => '1',
)
[ info ] [ SESSION ] INIT array (
  'id' => '',
  'var_session_id' => '',
  'prefix' => 'richkem_amdin_',
  'type' => '',
  'auto_start' => true,
)
[ info ] [ RUN ] app\admin\controller\Products->edit[ C:\wamp64\www\0\auth\application\admin\controller\Products.php ]
[ info ] [ DB ] INIT mysql
[ info ] [ DB ] INIT mysql
[ info ] [ VIEW ] C:\wamp64\www\0\auth\public/../application/admin\view\products\edit.html [ array (
  0 => 'loginuser',
  1 => 'info',
  2 => 'cate_list',
) ]
[ info ] [ LOG ] INIT File
[ sql ] [ DB ] CONNECT:[ UseTime:0.001422s ] mysql:dbname=auth;host=127.0.0.1;port=3306;charset=utf8
[ sql ] [ SQL ] SHOW COLUMNS FROM `zxcms_product` [ RunTime:0.001842s ]
[ sql ] [ SQL ] SELECT * FROM `zxcms_product` WHERE  `id` = 1  AND `status` = 1 LIMIT 1 [ RunTime:0.001033s ]
[ sql ] [ DB ] CONNECT:[ UseTime:0.001018s ] mysql:dbname=auth;host=127.0.0.1;port=3306;charset=utf8
[ sql ] [ SQL ] SHOW COLUMNS FROM `zxcms_product_category` [ RunTime:0.000955s ]
[ sql ] [ SQL ] SELECT `id`,`cn_title` FROM `zxcms_product_category` WHERE  `status` = 1 ORDER BY `sort` [ RunTime:0.000714s ]

---------------------------------------------------------------
[ 2017-04-24T18:03:34+08:00 ] ::1 ::1 GET /admin/products/edit/id/1.html
[ log ] local.auth.com/admin/products/edit/id/1.html [运行时间：0.125052s][吞吐率：8.00req/s] [内存消耗：4,776.63kb] [文件加载：59]
[ info ] [ ROUTE ] array (
  'type' => 'module',
  'module' => 
  array (
    0 => 'admin',
    1 => 'products',
    2 => 'edit',
  ),
)
[ info ] [ HEADER ] array (
  'host' => 'local.auth.com',
  'connection' => 'keep-alive',
  'cache-control' => 'max-age=0',
  'upgrade-insecure-requests' => '1',
  'user-agent' => 'Mozilla/5.0 (Windows NT 10.0; Win64; x64) AppleWebKit/537.36 (KHTML, like Gecko) Chrome/56.0.2924.87 Safari/537.36',
  'accept' => 'text/html,application/xhtml+xml,application/xml;q=0.9,image/webp,*/*;q=0.8',
  'referer' => 'http://local.auth.com/admin/products/index.html',
  'accept-encoding' => 'gzip, deflate, sdch',
  'accept-language' => 'en-US,en;q=0.8,zh;q=0.6,zh-CN;q=0.4',
  'cookie' => 'PHPSESSID=dbmsghtou65i0fvubhulgr9oe6; think_var=en-us',
)
[ info ] [ PARAM ] array (
  'id' => '1',
)
[ info ] [ SESSION ] INIT array (
  'id' => '',
  'var_session_id' => '',
  'prefix' => 'richkem_amdin_',
  'type' => '',
  'auto_start' => true,
)
[ info ] [ RUN ] app\admin\controller\Products->edit[ C:\wamp64\www\0\auth\application\admin\controller\Products.php ]
[ info ] [ DB ] INIT mysql
[ info ] [ DB ] INIT mysql
[ info ] [ VIEW ] C:\wamp64\www\0\auth\public/../application/admin\view\products\edit.html [ array (
  0 => 'loginuser',
  1 => 'info',
  2 => 'cate_list',
) ]
[ info ] [ LOG ] INIT File
[ sql ] [ DB ] CONNECT:[ UseTime:0.000972s ] mysql:dbname=auth;host=127.0.0.1;port=3306;charset=utf8
[ sql ] [ SQL ] SHOW COLUMNS FROM `zxcms_product` [ RunTime:0.001964s ]
[ sql ] [ SQL ] SELECT * FROM `zxcms_product` WHERE  `id` = 1  AND `status` = 1 LIMIT 1 [ RunTime:0.001417s ]
[ sql ] [ DB ] CONNECT:[ UseTime:0.000964s ] mysql:dbname=auth;host=127.0.0.1;port=3306;charset=utf8
[ sql ] [ SQL ] SHOW COLUMNS FROM `zxcms_product_category` [ RunTime:0.000984s ]
[ sql ] [ SQL ] SELECT `id`,`cn_title` FROM `zxcms_product_category` WHERE  `status` = 1 ORDER BY `sort` [ RunTime:0.000791s ]

---------------------------------------------------------------
[ 2017-04-24T18:04:00+08:00 ] ::1 ::1 GET /admin/products/edit/id/1.html
[ log ] local.auth.com/admin/products/edit/id/1.html [运行时间：0.114898s][吞吐率：8.70req/s] [内存消耗：4,460.63kb] [文件加载：57]
[ info ] [ ROUTE ] array (
  'type' => 'module',
  'module' => 
  array (
    0 => 'admin',
    1 => 'products',
    2 => 'edit',
  ),
)
[ info ] [ HEADER ] array (
  'host' => 'local.auth.com',
  'connection' => 'keep-alive',
  'cache-control' => 'max-age=0',
  'upgrade-insecure-requests' => '1',
  'user-agent' => 'Mozilla/5.0 (Windows NT 10.0; Win64; x64) AppleWebKit/537.36 (KHTML, like Gecko) Chrome/56.0.2924.87 Safari/537.36',
  'accept' => 'text/html,application/xhtml+xml,application/xml;q=0.9,image/webp,*/*;q=0.8',
  'referer' => 'http://local.auth.com/admin/products/index.html',
  'accept-encoding' => 'gzip, deflate, sdch',
  'accept-language' => 'en-US,en;q=0.8,zh;q=0.6,zh-CN;q=0.4',
  'cookie' => 'PHPSESSID=dbmsghtou65i0fvubhulgr9oe6; think_var=en-us',
)
[ info ] [ PARAM ] array (
  'id' => '1',
)
[ info ] [ SESSION ] INIT array (
  'id' => '',
  'var_session_id' => '',
  'prefix' => 'richkem_amdin_',
  'type' => '',
  'auto_start' => true,
)
[ info ] [ RUN ] app\admin\controller\Products->edit[ C:\wamp64\www\0\auth\application\admin\controller\Products.php ]
[ info ] [ DB ] INIT mysql
[ info ] [ DB ] INIT mysql
[ info ] [ VIEW ] C:\wamp64\www\0\auth\public/../application/admin\view\products\edit.html [ array (
  0 => 'loginuser',
  1 => 'info',
  2 => 'cate_list',
) ]
[ info ] [ LOG ] INIT File
[ sql ] [ DB ] CONNECT:[ UseTime:0.000971s ] mysql:dbname=auth;host=127.0.0.1;port=3306;charset=utf8
[ sql ] [ SQL ] SHOW COLUMNS FROM `zxcms_product` [ RunTime:0.001060s ]
[ sql ] [ SQL ] SELECT * FROM `zxcms_product` WHERE  `id` = 1  AND `status` = 1 LIMIT 1 [ RunTime:0.001207s ]
[ sql ] [ DB ] CONNECT:[ UseTime:0.001018s ] mysql:dbname=auth;host=127.0.0.1;port=3306;charset=utf8
[ sql ] [ SQL ] SHOW COLUMNS FROM `zxcms_product_category` [ RunTime:0.001074s ]
[ sql ] [ SQL ] SELECT `id`,`cn_title` FROM `zxcms_product_category` WHERE  `status` = 1 ORDER BY `sort` [ RunTime:0.000664s ]

---------------------------------------------------------------
[ 2017-04-24T18:04:30+08:00 ] ::1 ::1 POST /admin/products/update.html
[ log ] local.auth.com/admin/products/update.html [运行时间：0.076887s][吞吐率：13.01req/s] [内存消耗：2,992.63kb] [文件加载：47]
[ info ] [ ROUTE ] array (
  'type' => 'module',
  'module' => 
  array (
    0 => 'admin',
    1 => 'products',
    2 => 'update',
  ),
)
[ info ] [ HEADER ] array (
  'host' => 'local.auth.com',
  'connection' => 'keep-alive',
  'content-length' => '1486',
  'cache-control' => 'max-age=0',
  'origin' => 'http://local.auth.com',
  'upgrade-insecure-requests' => '1',
  'user-agent' => 'Mozilla/5.0 (Windows NT 10.0; Win64; x64) AppleWebKit/537.36 (KHTML, like Gecko) Chrome/56.0.2924.87 Safari/537.36',
  'content-type' => 'multipart/form-data; boundary=----WebKitFormBoundaryxdt4wTYeuSWgKszv',
  'accept' => 'text/html,application/xhtml+xml,application/xml;q=0.9,image/webp,*/*;q=0.8',
  'referer' => 'http://local.auth.com/admin/products/edit/id/1.html',
  'accept-encoding' => 'gzip, deflate',
  'accept-language' => 'en-US,en;q=0.8,zh;q=0.6,zh-CN;q=0.4',
  'cookie' => 'PHPSESSID=dbmsghtou65i0fvubhulgr9oe6; think_var=en-us',
)
[ info ] [ PARAM ] array (
  'id' => '1',
  'cid' => '3',
  'product_pic' => '/static/home/img/product3.jpg',
  'cn_title' => '中文名称',
  'en_title' => '中文名称',
  'casno' => '中文名称',
  'sf_pic' => '',
  'cn_desc' => '中文名称',
  'en_desc' => '中文名称',
  'cn_spec' => '兼职：12341241234
知道：31234124234
百度：1234124123424',
  'en_spec' => '兼职：12341241234
知道：31234124234
百度：1234124123424',
  'istop' => '1',
  'top_sort' => '999',
)
[ info ] [ SESSION ] INIT array (
  'id' => '',
  'var_session_id' => '',
  'prefix' => 'richkem_amdin_',
  'type' => '',
  'auto_start' => true,
)
[ info ] [ RUN ] app\admin\controller\Products->update[ C:\wamp64\www\0\auth\application\admin\controller\Products.php ]
[ info ] [ LOG ] INIT File

---------------------------------------------------------------
[ 2017-04-24T18:04:33+08:00 ] ::1 ::1 GET /admin/products/edit/id/1.html
[ log ] local.auth.com/admin/products/edit/id/1.html [运行时间：0.107216s][吞吐率：9.33req/s] [内存消耗：4,460.74kb] [文件加载：57]
[ info ] [ ROUTE ] array (
  'type' => 'module',
  'module' => 
  array (
    0 => 'admin',
    1 => 'products',
    2 => 'edit',
  ),
)
[ info ] [ HEADER ] array (
  'host' => 'local.auth.com',
  'connection' => 'keep-alive',
  'upgrade-insecure-requests' => '1',
  'user-agent' => 'Mozilla/5.0 (Windows NT 10.0; Win64; x64) AppleWebKit/537.36 (KHTML, like Gecko) Chrome/56.0.2924.87 Safari/537.36',
  'accept' => 'text/html,application/xhtml+xml,application/xml;q=0.9,image/webp,*/*;q=0.8',
  'referer' => 'http://local.auth.com/admin/products/index.html',
  'accept-encoding' => 'gzip, deflate, sdch',
  'accept-language' => 'en-US,en;q=0.8,zh;q=0.6,zh-CN;q=0.4',
  'cookie' => 'PHPSESSID=dbmsghtou65i0fvubhulgr9oe6; think_var=en-us',
)
[ info ] [ PARAM ] array (
  'id' => '1',
)
[ info ] [ SESSION ] INIT array (
  'id' => '',
  'var_session_id' => '',
  'prefix' => 'richkem_amdin_',
  'type' => '',
  'auto_start' => true,
)
[ info ] [ RUN ] app\admin\controller\Products->edit[ C:\wamp64\www\0\auth\application\admin\controller\Products.php ]
[ info ] [ DB ] INIT mysql
[ info ] [ DB ] INIT mysql
[ info ] [ VIEW ] C:\wamp64\www\0\auth\public/../application/admin\view\products\edit.html [ array (
  0 => 'loginuser',
  1 => 'info',
  2 => 'cate_list',
) ]
[ info ] [ LOG ] INIT File
[ sql ] [ DB ] CONNECT:[ UseTime:0.000966s ] mysql:dbname=auth;host=127.0.0.1;port=3306;charset=utf8
[ sql ] [ SQL ] SHOW COLUMNS FROM `zxcms_product` [ RunTime:0.001741s ]
[ sql ] [ SQL ] SELECT * FROM `zxcms_product` WHERE  `id` = 1  AND `status` = 1 LIMIT 1 [ RunTime:0.001397s ]
[ sql ] [ DB ] CONNECT:[ UseTime:0.001950s ] mysql:dbname=auth;host=127.0.0.1;port=3306;charset=utf8
[ sql ] [ SQL ] SHOW COLUMNS FROM `zxcms_product_category` [ RunTime:0.001235s ]
[ sql ] [ SQL ] SELECT `id`,`cn_title` FROM `zxcms_product_category` WHERE  `status` = 1 ORDER BY `sort` [ RunTime:0.000677s ]

---------------------------------------------------------------
